\BOOKMARK [0][-]{chapter.1}{Ein paar Worte zur LaTeX-Vorlage}{}% 1
\BOOKMARK [1][-]{section.1.1}{Einf\374hrung}{chapter.1}% 2
\BOOKMARK [1][-]{section.1.2}{Bekannte Fehler}{chapter.1}% 3
\BOOKMARK [1][-]{section.1.3}{Ben\366tigte Pakete}{chapter.1}% 4
\BOOKMARK [1][-]{section.1.4}{\334bersicht \374ber alle TUD-Klassen}{chapter.1}% 5
\BOOKMARK [1][-]{section.1.5}{Die Schriftarten an der TU Darmstadt}{chapter.1}% 6
\BOOKMARK [2][-]{subsection.1.5.1}{Frontpage}{section.1.5}% 7
\BOOKMARK [2][-]{subsection.1.5.2}{Charter}{section.1.5}% 8
\BOOKMARK [2][-]{subsection.1.5.3}{Stafford}{section.1.5}% 9
\BOOKMARK [1][-]{section.1.6}{Die Farben an der TU Darmstadt}{chapter.1}% 10
\BOOKMARK [0][-]{chapter.2}{Die Dokumentenklasse tudreport}{}% 11
\BOOKMARK [1][-]{section.2.1}{Optionen der Dokumentenklasse tudreport}{chapter.2}% 12
\BOOKMARK [1][-]{section.2.2}{Zus\344tzliche Befehle}{chapter.2}% 13
\BOOKMARK [0][-]{chapter.3}{Die Dokumentenklasse tudexercise}{}% 14
\BOOKMARK [1][-]{section.3.1}{Optionen der Dokumentenklasse tudexercise}{chapter.3}% 15
\BOOKMARK [1][-]{section.3.2}{Zus\344tzliche Befehle}{chapter.3}% 16
\BOOKMARK [0][-]{chapter.4}{Die Dokumentenklasse tudposter}{}% 17
\BOOKMARK [1][-]{section.4.1}{Optionen der Dokumentenklasse tudposter}{chapter.4}% 18
\BOOKMARK [1][-]{section.4.2}{Zus\344tzliche Befehle}{chapter.4}% 19
\BOOKMARK [0][-]{chapter.5}{Die Briefklasse tudletter}{}% 20
\BOOKMARK [1][-]{section.5.1}{Optionen der Klasse tudletter}{chapter.5}% 21
\BOOKMARK [1][-]{section.5.2}{Die Variablen}{chapter.5}% 22
\BOOKMARK [1][-]{section.5.3}{Anmerkung zur Seitennummerierung}{chapter.5}% 23
\BOOKMARK [1][-]{section.5.4}{Die Konfigurations-Dateien}{chapter.5}% 24
\BOOKMARK [0][-]{chapter.6}{Die Pr\344sentationsklasse tudbeamer}{}% 25
\BOOKMARK [1][-]{section.6.1}{Optionen der Klasse tudbeamer}{chapter.6}% 26
\BOOKMARK [1][-]{section.6.2}{Zus\344tzliche Befehle}{chapter.6}% 27
\BOOKMARK [1][-]{section.6.3}{Bekannte Fehler}{chapter.6}% 28
