This is pdfTeX, Version 3.14159265-2.6-1.40.16 (MiKTeX 2.9 64-bit) (preloaded format=pdflatex 2016.2.4)  5 FEB 2016 16:41
entering extended mode
**./TUDthesis.tex
(TUDthesis.tex
LaTeX2e <2015/10/01> patch level 2
Babel <3.9n> and hyphenation patterns for 69 languages loaded.
("C:\Program Files\tuddesign\tex\latex\tuddesign\tudthesis.cls"
Document Class: tudthesis 2009/05/15 0.96 Joe Werner's TUD-Design-Manual packag
e
("C:\Program Files\MiKTeX 2.9\tex\latex\xkeyval\xkeyval.sty"
Package: xkeyval 2014/12/03 v2.7a package option processing (HA)

("C:\Program Files\MiKTeX 2.9\tex\generic\xkeyval\xkeyval.tex"
("C:\Program Files\MiKTeX 2.9\tex\generic\xkeyval\xkvutils.tex"
\XKV@toks=\toks14
\XKV@tempa@toks=\toks15

("C:\Program Files\MiKTeX 2.9\tex\generic\xkeyval\keyval.tex"))
\XKV@depth=\count79
File: xkeyval.tex 2014/12/03 v2.7a key=value parser (HA)
))
Class tudthesis Info: Unknown option 'article`. Pass to tudreport class. on inp
ut line 37.
Class tudthesis Info: Unknown option 'colorback`. Pass to tudreport class. on i
nput line 37.
Class tudthesis Info: Unknown option '12pt`. Pass to tudreport class. on input 
line 37.
Class tudthesis Info: Unknown option 'accentcolor=tud7b`. Pass to tudreport cla
ss. on input line 37.

("C:\Program Files\tuddesign\tex\latex\tuddesign\tudreport.cls"
Document Class: tudreport 2009/11/17 1.13 Clemens von Loewenich's and Joe Werne
r's TUD-Design package
("C:\Program Files\MiKTeX 2.9\tex\latex\base\ifthen.sty"
Package: ifthen 2014/09/29 v1.1c Standard LaTeX ifthen package (DPC)
)
Class tudreport Info: Option `paper=a4report' selected. on input line 142.


! LaTeX Error: File `scrartcl.cls' not found.

Type X to quit or <RETURN> to proceed,
or enter new name. (Default extension: cls)

Enter file name: 
! Emergency stop.
<read *> 
         
l.152 
       
*** (cannot \read from terminal in nonstop modes)

 
Here is how much of TeX's memory you used:
 379 strings out of 493634
 6242 string characters out of 3143739
 59095 words of memory out of 3000000
 3838 multiletter control sequences out of 15000+200000
 3640 words of font info for 14 fonts, out of 3000000 for 9000
 1025 hyphenation exceptions out of 8191
 31i,0n,36p,229b,26s stack positions out of 5000i,500n,10000p,200000b,50000s
!  ==> Fatal error occurred, no output PDF file produced!
